
> @nextui-org/switch@2.0.33 build /Users/davidawatere/Documents/GitHub/webv2/packages/components/switch
> tsup src --dts

CLI Building entry: src/index.ts, src/switch.tsx, src/use-switch.ts
CLI Using tsconfig: tsconfig.json
CLI tsup v6.4.0
CLI Using tsup config: /Users/davidawatere/Documents/GitHub/webv2/packages/components/switch/tsup.config.ts
CLI Target: es2019
CLI Cleaning output folder
CJS Build start
ESM Build start
CJS dist/index.js      10.24 KB
CJS dist/switch.js     10.18 KB
CJS dist/use-switch.js 8.74 KB
CJS ⚡️ Build success in 20ms
ESM dist/switch.mjs         142.00 B
ESM dist/use-switch.mjs     90.00 B
ESM dist/chunk-TC2HFWGK.mjs 1.41 KB
ESM dist/index.mjs          175.00 B
ESM dist/chunk-JYO7OWIA.mjs 6.89 KB
ESM ⚡️ Build success in 21ms
DTS Build start
