
> @nextui-org/spinner@2.0.33 build /Users/davidawatere/Documents/GitHub/webv2/packages/components/spinner
> tsup src --dts

CLI Building entry: src/index.ts, src/spinner.tsx, src/use-spinner.ts
CLI Using tsconfig: tsconfig.json
CLI tsup v6.4.0
CLI Using tsup config: /Users/davidawatere/Documents/GitHub/webv2/packages/components/spinner/tsup.config.ts
CLI Target: es2019
CLI Cleaning output folder
CJS Build start
ESM Build start
ESM dist/chunk-J2XSBWZR.mjs 840.00 B
ESM dist/index.mjs          166.00 B
ESM dist/spinner.mjs        130.00 B
ESM dist/use-spinner.mjs    78.00 B
ESM dist/chunk-GF2IUMUE.mjs 1.16 KB
ESM ⚡️ Build success in 14ms
CJS dist/spinner.js     3.08 KB
CJS dist/use-spinner.js 2.31 KB
CJS dist/index.js       3.12 KB
CJS ⚡️ Build success in 14ms
DTS Build start
src/use-spinner.ts(38,17): error TS2742: The inferred type of 'useSpinner' cannot be named without a reference to '../../core/theme/node_modules/tailwind-merge/dist'. This is likely not portable. A type annotation is necessary.
src/use-spinner.ts(38,17): error TS2742: The inferred type of 'useSpinner' cannot be named without a reference to '../../core/system-rsc/node_modules/tailwind-variants/dist'. This is likely not portable. A type annotation is necessary.
src/use-spinner.ts(38,17): error TS2742: The inferred type of 'useSpinner' cannot be named without a reference to '../../core/theme/node_modules/tailwind-merge/dist'. This is likely not portable. A type annotation is necessary.
src/use-spinner.ts(38,17): error TS2742: The inferred type of 'useSpinner' cannot be named without a reference to '../../core/system-rsc/node_modules/tailwind-variants/dist'. This is likely not portable. A type annotation is necessary.
src/use-spinner.ts(38,17): error TS2742: The inferred type of 'useSpinner' cannot be named without a reference to '../../core/theme/node_modules/tailwind-merge/dist'. This is likely not portable. A type annotation is necessary.
src/use-spinner.ts(38,17): error TS2742: The inferred type of 'useSpinner' cannot be named without a reference to '../../core/system-rsc/node_modules/tailwind-variants/dist'. This is likely not portable. A type annotation is necessary.
src/use-spinner.ts(38,17): error TS2742: The inferred type of 'useSpinner' cannot be named without a reference to '../../core/theme/node_modules/tailwind-merge/dist'. This is likely not portable. A type annotation is necessary.
src/use-spinner.ts(38,17): error TS2742: The inferred type of 'useSpinner' cannot be named without a reference to '../../core/system-rsc/node_modules/tailwind-variants/dist'. This is likely not portable. A type annotation is necessary.
src/use-spinner.ts(38,17): error TS2742: The inferred type of 'useSpinner' cannot be named without a reference to '../../core/theme/node_modules/tailwind-merge/dist'. This is likely not portable. A type annotation is necessary.
src/use-spinner.ts(38,17): error TS2742: The inferred type of 'useSpinner' cannot be named without a reference to '../../core/system-rsc/node_modules/tailwind-variants/dist'. This is likely not portable. A type annotation is necessary.
src/use-spinner.ts(38,17): error TS2742: The inferred type of 'useSpinner' cannot be named without a reference to '../../core/theme/node_modules/tailwind-merge/dist'. This is likely not portable. A type annotation is necessary.
src/use-spinner.ts(38,17): error TS2742: The inferred type of 'useSpinner' cannot be named without a reference to '../../core/system-rsc/node_modules/tailwind-variants/dist'. This is likely not portable. A type annotation is necessary.
src/use-spinner.ts(38,17): error TS2742: The inferred type of 'useSpinner' cannot be named without a reference to '../../core/theme/node_modules/tailwind-merge/dist'. This is likely not portable. A type annotation is necessary.
src/use-spinner.ts(38,17): error TS2742: The inferred type of 'useSpinner' cannot be named without a reference to '../../core/system-rsc/node_modules/tailwind-variants/dist'. This is likely not portable. A type annotation is necessary.
src/use-spinner.ts(38,17): error TS2742: The inferred type of 'useSpinner' cannot be named without a reference to '../../core/theme/node_modules/tailwind-merge/dist'. This is likely not portable. A type annotation is necessary.
src/use-spinner.ts(38,17): error TS2742: The inferred type of 'useSpinner' cannot be named without a reference to '../../core/system-rsc/node_modules/tailwind-variants/dist'. This is likely not portable. A type annotation is necessary.
src/use-spinner.ts(38,17): error TS2742: The inferred type of 'useSpinner' cannot be named without a reference to '../../core/theme/node_modules/tailwind-merge/dist'. This is likely not portable. A type annotation is necessary.
src/use-spinner.ts(38,17): error TS2742: The inferred type of 'useSpinner' cannot be named without a reference to '../../core/system-rsc/node_modules/tailwind-variants/dist'. This is likely not portable. A type annotation is necessary.
src/use-spinner.ts(38,17): error TS2742: The inferred type of 'useSpinner' cannot be named without a reference to '../../core/theme/node_modules/tailwind-merge/dist'. This is likely not portable. A type annotation is necessary.
src/use-spinner.ts(38,17): error TS2742: The inferred type of 'useSpinner' cannot be named without a reference to '../../core/system-rsc/node_modules/tailwind-variants/dist'. This is likely not portable. A type annotation is necessary.

Error: error occured in dts build
    at Worker.<anonymous> (/Users/davidawatere/Documents/GitHub/webv2/node_modules/.pnpm/tsup@6.4.0_@swc+core@1.7.24_@swc+helpers@0.5.13__postcss@8.4.45_ts-node@10.9.2_@swc+core@1.7._pbcorbcxdq4rboiakw4fwvj4gq/node_modules/tsup/dist/index.js:2192:26)
    at Worker.emit (node:events:517:28)
    at MessagePort.<anonymous> (node:internal/worker:256:53)
    at [nodejs.internal.kHybridDispatch] (node:internal/event_target:786:20)
    at exports.emitMessage (node:internal/per_context/messageport:23:28)
RollupError: Failed to compile. Check the logs above.
    at error (/Users/davidawatere/Documents/GitHub/webv2/node_modules/.pnpm/rollup@3.29.4/node_modules/rollup/dist/shared/rollup.js:353:30)
    at Object.error (/Users/davidawatere/Documents/GitHub/webv2/node_modules/.pnpm/rollup@3.29.4/node_modules/rollup/dist/shared/rollup.js:1721:20)
    at Object.error (/Users/davidawatere/Documents/GitHub/webv2/node_modules/.pnpm/rollup@3.29.4/node_modules/rollup/dist/shared/rollup.js:25627:42)
    at Object.transform (/Users/davidawatere/Documents/GitHub/webv2/node_modules/.pnpm/tsup@6.4.0_@swc+core@1.7.24_@swc+helpers@0.5.13__postcss@8.4.45_ts-node@10.9.2_@swc+core@1.7._pbcorbcxdq4rboiakw4fwvj4gq/node_modules/tsup/dist/rollup.js:7287:20)
    at /Users/davidawatere/Documents/GitHub/webv2/node_modules/.pnpm/rollup@3.29.4/node_modules/rollup/dist/shared/rollup.js:1914:40
DTS Build error
src/use-spinner.ts(38,17): error TS2742: The inferred type of 'useSpinner' cannot be named without a reference to '../../core/theme/node_modules/tailwind-merge/dist'. This is likely not portable. A type annotation is necessary.
src/use-spinner.ts(38,17): error TS2742: The inferred type of 'useSpinner' cannot be named without a reference to '../../core/system-rsc/node_modules/tailwind-variants/dist'. This is likely not portable. A type annotation is necessary.
src/use-spinner.ts(38,17): error TS2742: The inferred type of 'useSpinner' cannot be named without a reference to '../../core/theme/node_modules/tailwind-merge/dist'. This is likely not portable. A type annotation is necessary.
src/use-spinner.ts(38,17): error TS2742: The inferred type of 'useSpinner' cannot be named without a reference to '../../core/system-rsc/node_modules/tailwind-variants/dist'. This is likely not portable. A type annotation is necessary.
src/use-spinner.ts(38,17): error TS2742: The inferred type of 'useSpinner' cannot be named without a reference to '../../core/theme/node_modules/tailwind-merge/dist'. This is likely not portable. A type annotation is necessary.
src/use-spinner.ts(38,17): error TS2742: The inferred type of 'useSpinner' cannot be named without a reference to '../../core/system-rsc/node_modules/tailwind-variants/dist'. This is likely not portable. A type annotation is necessary.
src/use-spinner.ts(38,17): error TS2742: The inferred type of 'useSpinner' cannot be named without a reference to '../../core/theme/node_modules/tailwind-merge/dist'. This is likely not portable. A type annotation is necessary.
src/use-spinner.ts(38,17): error TS2742: The inferred type of 'useSpinner' cannot be named without a reference to '../../core/system-rsc/node_modules/tailwind-variants/dist'. This is likely not portable. A type annotation is necessary.
src/use-spinner.ts(38,17): error TS2742: The inferred type of 'useSpinner' cannot be named without a reference to '../../core/theme/node_modules/tailwind-merge/dist'. This is likely not portable. A type annotation is necessary.
src/use-spinner.ts(38,17): error TS2742: The inferred type of 'useSpinner' cannot be named without a reference to '../../core/system-rsc/node_modules/tailwind-variants/dist'. This is likely not portable. A type annotation is necessary.
src/use-spinner.ts(38,17): error TS2742: The inferred type of 'useSpinner' cannot be named without a reference to '../../core/theme/node_modules/tailwind-merge/dist'. This is likely not portable. A type annotation is necessary.
src/use-spinner.ts(38,17): error TS2742: The inferred type of 'useSpinner' cannot be named without a reference to '../../core/system-rsc/node_modules/tailwind-variants/dist'. This is likely not portable. A type annotation is necessary.
src/use-spinner.ts(38,17): error TS2742: The inferred type of 'useSpinner' cannot be named without a reference to '../../core/theme/node_modules/tailwind-merge/dist'. This is likely not portable. A type annotation is necessary.
src/use-spinner.ts(38,17): error TS2742: The inferred type of 'useSpinner' cannot be named without a reference to '../../core/system-rsc/node_modules/tailwind-variants/dist'. This is likely not portable. A type annotation is necessary.
src/use-spinner.ts(38,17): error TS2742: The inferred type of 'useSpinner' cannot be named without a reference to '../../core/theme/node_modules/tailwind-merge/dist'. This is likely not portable. A type annotation is necessary.
src/use-spinner.ts(38,17): error TS2742: The inferred type of 'useSpinner' cannot be named without a reference to '../../core/system-rsc/node_modules/tailwind-variants/dist'. This is likely not portable. A type annotation is necessary.
src/use-spinner.ts(38,17): error TS2742: The inferred type of 'useSpinner' cannot be named without a reference to '../../core/theme/node_modules/tailwind-merge/dist'. This is likely not portable. A type annotation is necessary.
src/use-spinner.ts(38,17): error TS2742: The inferred type of 'useSpinner' cannot be named without a reference to '../../core/system-rsc/node_modules/tailwind-variants/dist'. This is likely not portable. A type annotation is necessary.
src/use-spinner.ts(38,17): error TS2742: The inferred type of 'useSpinner' cannot be named without a reference to '../../core/theme/node_modules/tailwind-merge/dist'. This is likely not portable. A type annotation is necessary.
src/use-spinner.ts(38,17): error TS2742: The inferred type of 'useSpinner' cannot be named without a reference to '../../core/system-rsc/node_modules/tailwind-variants/dist'. This is likely not portable. A type annotation is necessary.

src/use-spinner.ts(38,17): error TS2742: The inferred type of 'useSpinner' cannot be named without a reference to '../../core/theme/node_modules/tailwind-merge/dist'. This is likely not portable. A type annotation is necessary.
src/use-spinner.ts(38,17): error TS2742: The inferred type of 'useSpinner' cannot be named without a reference to '../../core/system-rsc/node_modules/tailwind-variants/dist'. This is likely not portable. A type annotation is necessary.
src/use-spinner.ts(38,17): error TS2742: The inferred type of 'useSpinner' cannot be named without a reference to '../../core/theme/node_modules/tailwind-merge/dist'. This is likely not portable. A type annotation is necessary.
src/use-spinner.ts(38,17): error TS2742: The inferred type of 'useSpinner' cannot be named without a reference to '../../core/system-rsc/node_modules/tailwind-variants/dist'. This is likely not portable. A type annotation is necessary.
src/use-spinner.ts(38,17): error TS2742: The inferred type of 'useSpinner' cannot be named without a reference to '../../core/theme/node_modules/tailwind-merge/dist'. This is likely not portable. A type annotation is necessary.
src/use-spinner.ts(38,17): error TS2742: The inferred type of 'useSpinner' cannot be named without a reference to '../../core/system-rsc/node_modules/tailwind-variants/dist'. This is likely not portable. A type annotation is necessary.
src/use-spinner.ts(38,17): error TS2742: The inferred type of 'useSpinner' cannot be named without a reference to '../../core/theme/node_modules/tailwind-merge/dist'. This is likely not portable. A type annotation is necessary.
src/use-spinner.ts(38,17): error TS2742: The inferred type of 'useSpinner' cannot be named without a reference to '../../core/system-rsc/node_modules/tailwind-variants/dist'. This is likely not portable. A type annotation is necessary.
src/use-spinner.ts(38,17): error TS2742: The inferred type of 'useSpinner' cannot be named without a reference to '../../core/theme/node_modules/tailwind-merge/dist'. This is likely not portable. A type annotation is necessary.
src/use-spinner.ts(38,17): error TS2742: The inferred type of 'useSpinner' cannot be named without a reference to '../../core/system-rsc/node_modules/tailwind-variants/dist'. This is likely not portable. A type annotation is necessary.
src/use-spinner.ts(38,17): error TS2742: The inferred type of 'useSpinner' cannot be named without a reference to '../../core/theme/node_modules/tailwind-merge/dist'. This is likely not portable. A type annotation is necessary.
src/use-spinner.ts(38,17): error TS2742: The inferred type of 'useSpinner' cannot be named without a reference to '../../core/system-rsc/node_modules/tailwind-variants/dist'. This is likely not portable. A type annotation is necessary.
src/use-spinner.ts(38,17): error TS2742: The inferred type of 'useSpinner' cannot be named without a reference to '../../core/theme/node_modules/tailwind-merge/dist'. This is likely not portable. A type annotation is necessary.
src/use-spinner.ts(38,17): error TS2742: The inferred type of 'useSpinner' cannot be named without a reference to '../../core/system-rsc/node_modules/tailwind-variants/dist'. This is likely not portable. A type annotation is necessary.
src/use-spinner.ts(38,17): error TS2742: The inferred type of 'useSpinner' cannot be named without a reference to '../../core/theme/node_modules/tailwind-merge/dist'. This is likely not portable. A type annotation is necessary.
src/use-spinner.ts(38,17): error TS2742: The inferred type of 'useSpinner' cannot be named without a reference to '../../core/system-rsc/node_modules/tailwind-variants/dist'. This is likely not portable. A type annotation is necessary.
src/use-spinner.ts(38,17): error TS2742: The inferred type of 'useSpinner' cannot be named without a reference to '../../core/theme/node_modules/tailwind-merge/dist'. This is likely not portable. A type annotation is necessary.
src/use-spinner.ts(38,17): error TS2742: The inferred type of 'useSpinner' cannot be named without a reference to '../../core/system-rsc/node_modules/tailwind-variants/dist'. This is likely not portable. A type annotation is necessary.
src/use-spinner.ts(38,17): error TS2742: The inferred type of 'useSpinner' cannot be named without a reference to '../../core/theme/node_modules/tailwind-merge/dist'. This is likely not portable. A type annotation is necessary.
src/use-spinner.ts(38,17): error TS2742: The inferred type of 'useSpinner' cannot be named without a reference to '../../core/system-rsc/node_modules/tailwind-variants/dist'. This is likely not portable. A type annotation is necessary.

 ELIFECYCLE  Command failed with exit code 1.
