
> @nextui-org/use-aria-menu@2.0.6 build /Users/davidawatere/Documents/GitHub/webv2/packages/hooks/use-aria-menu
> tsup src --dts

CLI Building entry: src/index.ts, src/use-menu-item.ts, src/use-menu.ts
CLI Using tsconfig: tsconfig.json
CLI tsup v6.4.0
CLI Using tsup config: /Users/davidawatere/Documents/GitHub/webv2/packages/hooks/use-aria-menu/package.json
CLI Target: es2019
CLI Cleaning output folder
CJS Build start
ESM Build start
ESM dist/index.mjs          199.00 B
ESM dist/chunk-XMP5YDUN.mjs 5.40 KB
ESM dist/use-menu.mjs       96.00 B
ESM dist/use-menu-item.mjs  111.00 B
ESM dist/chunk-PH3KUROQ.mjs 1.20 KB
ESM ⚡️ Build success in 153ms
CJS dist/index.js         7.86 KB
CJS dist/use-menu.js      2.26 KB
CJS dist/use-menu-item.js 6.77 KB
CJS ⚡️ Build success in 174ms
DTS Build start
DTS ⚡️ Build success in 3460ms
DTS dist/index.d.ts         299.00 B
DTS dist/use-menu-item.d.ts 3.02 KB
DTS dist/use-menu.d.ts      1.21 KB
