
> @nextui-org/framer-utils@2.0.24 build /Users/davidawatere/Documents/GitHub/webv2/packages/utilities/framer-utils
> tsup src --dts

CLI Building entry: src/index.ts, src/resizable-panel.tsx, src/transition-utils.ts
CLI Using tsconfig: tsconfig.json
CLI tsup v6.4.0
CLI Using tsup config: /Users/davidawatere/Documents/GitHub/webv2/packages/utilities/framer-utils/tsup.config.ts
CLI Target: es2019
CLI Cleaning output folder
CJS Build start
ESM Build start
ESM dist/index.mjs            275.00 B
ESM dist/resizable-panel.mjs  100.00 B
ESM dist/chunk-XKKP3KMS.mjs   792.00 B
ESM dist/chunk-736YWA4T.mjs   2.69 KB
ESM dist/transition-utils.mjs 200.00 B
ESM ⚡️ Build success in 26ms
CJS dist/index.js            4.73 KB
CJS dist/resizable-panel.js  1.94 KB
CJS dist/transition-utils.js 3.82 KB
CJS ⚡️ Build success in 27ms
DTS Build start
