
> @nextui-org/input@2.2.4 build /Users/davidawatere/Documents/GitHub/webv2/packages/components/input
> tsup src --dts

CLI Building entry: src/index.ts, src/input.tsx, src/textarea.tsx, src/use-input.ts
CLI Using tsconfig: tsconfig.json
CLI tsup v6.4.0
CLI Using tsup config: /Users/davidawatere/Documents/GitHub/webv2/packages/components/input/tsup.config.ts
CLI Target: es2019
CLI Cleaning output folder
CJS Build start
ESM Build start
CJS dist/index.js     22.14 KB
CJS dist/input.js     18.63 KB
CJS dist/use-input.js 16.04 KB
CJS dist/textarea.js  19.46 KB
CJS ⚡️ Build success in 124ms
ESM dist/index.mjs          261.00 B
ESM dist/input.mjs          140.00 B
ESM dist/chunk-I34JJNDR.mjs 2.56 KB
ESM dist/textarea.mjs       146.00 B
ESM dist/chunk-GMDIULT4.mjs 2.98 KB
ESM dist/chunk-NQM3AZQR.mjs 13.54 KB
ESM dist/use-input.mjs      88.00 B
ESM ⚡️ Build success in 128ms
DTS Build start
