
> @nextui-org/system@2.2.5 build /Users/davidawatere/Documents/GitHub/webv2/packages/core/system
> tsup src !src/extend-variants.d.ts --dts

CLI Building entry: src/index.ts, src/provider-context.ts, src/provider.tsx, src/types.ts
CLI Using tsconfig: tsconfig.json
CLI tsup v6.4.0
CLI Using tsup config: /Users/davidawatere/Documents/GitHub/webv2/packages/core/system/tsup.config.ts
CLI Target: es2019
CLI Cleaning output folder
CJS Build start
ESM Build start
ESM dist/provider-context.mjs 146.00 B
ESM dist/provider.mjs         131.00 B
ESM dist/chunk-Q66YAGZJ.mjs   259.00 B
ESM dist/chunk-IW7XD6TW.mjs   1.38 KB
ESM dist/index.mjs            499.00 B
ESM dist/types.mjs            14.00 B
ESM ⚡️ Build success in 55ms
CJS dist/provider-context.js 1.35 KB
CJS dist/provider.js         2.68 KB
CJS dist/index.js            3.32 KB
CJS dist/types.js            772.00 B
CJS ⚡️ Build success in 55ms
DTS Build start
DTS ⚡️ Build success in 2704ms
DTS dist/provider-context.d.ts 3.22 KB
DTS dist/types.d.ts            277.00 B
DTS dist/provider.d.ts         1.33 KB
DTS dist/index.d.ts            739.00 B
