
> @nextui-org/react-utils@2.0.16 build /Users/davidawatere/Documents/GitHub/webv2/packages/utilities/react-utils
> tsup src --dts

CLI Building entry: src/context.ts, src/dimensions.ts, src/dom.ts, src/index.ts, src/refs.ts
CLI Using tsconfig: tsconfig.json
CLI tsup v6.4.0
CLI Using tsup config: /Users/davidawatere/Documents/GitHub/webv2/packages/utilities/react-utils/tsup.config.ts
CLI Target: es2019
CLI Cleaning output folder
CJS Build start
ESM Build start
ESM dist/context.mjs        98.00 B
ESM dist/dom.mjs            542.00 B
ESM dist/chunk-3XT5V4LF.mjs 785.00 B
ESM dist/chunk-LL7CBZ2S.mjs 694.00 B
ESM dist/refs.mjs           116.00 B
ESM dist/chunk-CIZQCQPA.mjs 481.00 B
ESM dist/index.mjs          1.05 KB
ESM dist/chunk-RQNQ5XFG.mjs 3.44 KB
ESM dist/dimensions.mjs     132.00 B
ESM ⚡️ Build success in 27ms
CJS dist/context.js    2.06 KB
CJS dist/index.js      7.84 KB
CJS dist/dom.js        4.95 KB
CJS dist/dimensions.js 1.72 KB
CJS dist/refs.js       1.51 KB
CJS ⚡️ Build success in 27ms
DTS Build start
DTS ⚡️ Build success in 1696ms
DTS dist/index.d.ts      707.00 B
DTS dist/context.d.ts    806.00 B
DTS dist/dimensions.d.ts 255.00 B
DTS dist/dom.d.ts        2.21 KB
DTS dist/refs.d.ts       663.00 B
