
> @nextui-org/code@2.0.32 build /Users/davidawatere/Documents/GitHub/webv2/packages/components/code
> tsup src --dts

CLI Building entry: src/code.tsx, src/index.ts, src/use-code.ts
CLI Using tsconfig: tsconfig.json
CLI tsup v6.4.0
CLI Using tsup config: /Users/davidawatere/Documents/GitHub/webv2/packages/components/code/tsup.config.ts
CLI Target: es2019
CLI Cleaning output folder
CJS Build start
ESM Build start
CJS dist/code.js     2.16 KB
CJS dist/index.js    2.22 KB
CJS dist/use-code.js 1.82 KB
CJS ⚡️ Build success in 66ms
ESM dist/use-code.mjs       72.00 B
ESM dist/index.mjs          151.00 B
ESM dist/chunk-VA7MLDKS.mjs 742.00 B
ESM dist/code.mjs           124.00 B
ESM dist/chunk-RLTXAEDV.mjs 396.00 B
ESM ⚡️ Build success in 69ms
DTS Build start
